<?xml version="1.0" encoding="UTF-8" standalone="no"?><testsuite errors="0" failures="0" name="Alchemy REST API page" skipped="0" tests="6" time="14.84" timestamp="2026-07-17 10:00:45"><testcase name="Checking the questions end point should return code 400 when missing the exam parameter"/><testcase name="Checking the platforms end point should return a list that contains salesforce"/><testcase name="Checking the salesforce exams end point should return a list of size 1 that contains the platform admin exam"/><testcase name="Sending an OPTIONS request to the base-url should return response code 200 with no body"/><testcase name="Checking the GCP exams end point should return nothing"/><testcase name="Checking the exams end point should return code 400 when missing the platform parameter"/></testsuite>